2025-01-26 11:55:49,035 - INFO - Fetching stock symbols from Wikipedia...
2025-01-26 11:55:49,035 - ERROR - Error fetching and saving stock symbols: Missing optional dependency 'lxml'.  Use pip or conda to install lxml.
2025-01-26 11:56:22,104 - INFO - Fetching stock symbols from Wikipedia...
2025-01-26 11:56:22,418 - ERROR - Error fetching and saving stock symbols: <urlopen error [SSL: CERTIFICATE_VERIFY_FAILED] certificate verify failed: unable to get local issuer certificate (_ssl.c:997)>
2025-01-26 11:56:54,793 - INFO - Fetching stock symbols from Wikipedia...
2025-01-26 11:56:54,794 - ERROR - Error fetching and saving stock symbols: Missing optional dependency 'html5lib'.  Use pip or conda to install html5lib.
2025-01-26 11:57:10,937 - INFO - Fetching stock symbols from Wikipedia...
2025-01-26 11:57:11,102 - ERROR - Error fetching and saving stock symbols: <urlopen error [SSL: CERTIFICATE_VERIFY_FAILED] certificate verify failed: unable to get local issuer certificate (_ssl.c:997)>
2025-01-26 11:57:44,718 - INFO - Fetching stock symbols from Wikipedia...
2025-01-26 11:57:45,053 - ERROR - Error fetching and saving stock symbols: 'NoneType' object has no attribute 'text'
2025-01-26 11:58:28,234 - INFO - Successfully saved 20 stock symbols to stock_data/stock_symbols.txt
2025-01-26 12:00:56,043 - INFO - Successfully saved 5 stock symbols to stock_data/stock_symbols.txt
2025-01-26 12:01:46,928 - INFO - Read 5 stock symbols from stock_data/stock_symbols.txt
2025-01-26 12:01:46,929 - INFO - Starting historical data collection for 5 symbols...
2025-01-26 12:01:48,715 - INFO - Saved historical data for AAPL
2025-01-26 12:01:49,986 - INFO - Saved historical data for MSFT
2025-01-26 12:01:51,239 - INFO - Saved historical data for GOOGL
2025-01-26 12:01:52,594 - INFO - Saved historical data for AMZN
2025-01-26 12:01:53,850 - INFO - Saved historical data for META
2025-01-26 12:01:54,856 - INFO - Historical data collection completed!
2025-01-26 12:04:31,673 - INFO - Fetching S&P 500 stock symbols from Wikipedia...
2025-01-26 12:04:32,037 - INFO - Successfully saved 503 S&P 500 stock symbols to stock_data/stock_symbols.txt
